<?xml version="1.0" encoding="UTF-8"?>
<coverage generated="1704823177898" clover="3.2.0">
  <project timestamp="1704823177898" name="All files">
    <metrics statements="27" coveredstatements="27" conditionals="8" coveredconditionals="8" methods="8" coveredmethods="8" elements="43" coveredelements="43" complexity="0" loc="27" ncloc="27" packages="1" files="2" classes="2"/>
    <file name="cloneArray.js" path="/Users/Federico/Documents/EXPERIMENTAL/test_workshop/cloneArray.js">
      <metrics statements="2" coveredstatements="2" conditionals="0" coveredconditionals="0" methods="1" coveredmethods="1"/>
      <line num="2" count="2" type="stmt"/>
      <line num="5" count="1" type="stmt"/>
    </file>
    <file name="utils.js" path="/Users/Federico/Documents/EXPERIMENTAL/test_workshop/utils.js">
      <metrics statements="25" coveredstatements="25" conditionals="8" coveredconditionals="8" methods="7" coveredmethods="7"/>
      <line num="1" count="7" type="stmt"/>
      <line num="2" count="1" type="stmt"/>
      <line num="4" count="7" type="stmt"/>
      <line num="5" count="1" type="stmt"/>
      <line num="8" count="7" type="stmt"/>
      <line num="9" count="1" type="stmt"/>
      <line num="12" count="7" type="stmt"/>
      <line num="13" count="1" type="stmt"/>
      <line num="16" count="7" type="stmt"/>
      <line num="17" count="1" type="stmt"/>
      <line num="20" count="7" type="stmt"/>
      <line num="21" count="21" type="cond" truecount="2" falsecount="0"/>
      <line num="22" count="15" type="stmt"/>
      <line num="25" count="7" type="stmt"/>
      <line num="26" count="4" type="stmt"/>
      <line num="27" count="4" type="cond" truecount="2" falsecount="0"/>
      <line num="28" count="1" type="stmt"/>
      <line num="29" count="3" type="cond" truecount="2" falsecount="0"/>
      <line num="30" count="1" type="stmt"/>
      <line num="31" count="2" type="cond" truecount="2" falsecount="0"/>
      <line num="32" count="1" type="stmt"/>
      <line num="33" count="1" type="stmt"/>
      <line num="35" count="1" type="stmt"/>
      <line num="37" count="1" type="stmt"/>
      <line num="41" count="7" type="stmt"/>
    </file>
  </project>
</coverage>
