{"/Users/Federico/Documents/EXPERIMENTAL/test_workshop/cloneArray.js": {"path":"/Users/Federico/Documents/EXPERIMENTAL/test_workshop/cloneArray.js","statementMap":{"0":{"start":{"line":2,"column":4},"end":{"line":2,"column":20}},"1":{"start":{"line":5,"column":0},"end":{"line":5,"column":28}}},"fnMap":{"0":{"name":"cloneArray","decl":{"start":{"line":1,"column":9},"end":{"line":1,"column":19}},"loc":{"start":{"line":1,"column":24},"end":{"line":3,"column":1}},"line":1}},"branchMap":{},"s":{"0":2,"1":1},"f":{"0":2},"b":{},"_coverageSchema":"1a1c01bbd47fc00a2c39e90264f33305004495a9","hash":"0c4953b46166e3139735bb82a73fa8e87110cbf4"}
,"/Users/Federico/Documents/EXPERIMENTAL/test_workshop/utils.js": {"path":"/Users/Federico/Documents/EXPERIMENTAL/test_workshop/utils.js","statementMap":{"0":{"start":{"line":1,"column":12},"end":{"line":3,"column":1}},"1":{"start":{"line":2,"column":2},"end":{"line":2,"column":15}},"2":{"start":{"line":4,"column":17},"end":{"line":6,"column":1}},"3":{"start":{"line":5,"column":2},"end":{"line":5,"column":15}},"4":{"start":{"line":8,"column":17},"end":{"line":10,"column":1}},"5":{"start":{"line":9,"column":2},"end":{"line":9,"column":15}},"6":{"start":{"line":12,"column":15},"end":{"line":14,"column":1}},"7":{"start":{"line":13,"column":2},"end":{"line":13,"column":15}},"8":{"start":{"line":16,"column":19},"end":{"line":18,"column":1}},"9":{"start":{"line":17,"column":2},"end":{"line":17,"column":23}},"10":{"start":{"line":20,"column":18},"end":{"line":23,"column":1}},"11":{"start":{"line":21,"column":2},"end":{"line":21,"column":24}},"12":{"start":{"line":21,"column":15},"end":{"line":21,"column":24}},"13":{"start":{"line":22,"column":2},"end":{"line":22,"column":30}},"14":{"start":{"line":25,"column":18},"end":{"line":39,"column":1}},"15":{"start":{"line":26,"column":17},"end":{"line":26,"column":23}},"16":{"start":{"line":27,"column":2},"end":{"line":38,"column":3}},"17":{"start":{"line":28,"column":4},"end":{"line":28,"column":15}},"18":{"start":{"line":29,"column":9},"end":{"line":38,"column":3}},"19":{"start":{"line":30,"column":4},"end":{"line":30,"column":20}},"20":{"start":{"line":31,"column":8},"end":{"line":38,"column":3}},"21":{"start":{"line":32,"column":4},"end":{"line":34,"column":5}},"22":{"start":{"line":32,"column":17},"end":{"line":32,"column":18}},"23":{"start":{"line":33,"column":6},"end":{"line":33,"column":55}},"24":{"start":{"line":35,"column":4},"end":{"line":35,"column":20}},"25":{"start":{"line":37,"column":4},"end":{"line":37,"column":14}},"26":{"start":{"line":41,"column":0},"end":{"line":49,"column":2}}},"fnMap":{"0":{"name":"(anonymous_0)","decl":{"start":{"line":1,"column":12},"end":{"line":1,"column":13}},"loc":{"start":{"line":1,"column":22},"end":{"line":3,"column":1}},"line":1},"1":{"name":"(anonymous_1)","decl":{"start":{"line":4,"column":17},"end":{"line":4,"column":18}},"loc":{"start":{"line":4,"column":27},"end":{"line":6,"column":1}},"line":4},"2":{"name":"(anonymous_2)","decl":{"start":{"line":8,"column":17},"end":{"line":8,"column":18}},"loc":{"start":{"line":8,"column":27},"end":{"line":10,"column":1}},"line":8},"3":{"name":"(anonymous_3)","decl":{"start":{"line":12,"column":15},"end":{"line":12,"column":16}},"loc":{"start":{"line":12,"column":25},"end":{"line":14,"column":1}},"line":12},"4":{"name":"(anonymous_4)","decl":{"start":{"line":16,"column":19},"end":{"line":16,"column":20}},"loc":{"start":{"line":16,"column":29},"end":{"line":18,"column":1}},"line":16},"5":{"name":"(anonymous_5)","decl":{"start":{"line":20,"column":18},"end":{"line":20,"column":19}},"loc":{"start":{"line":20,"column":25},"end":{"line":23,"column":1}},"line":20},"6":{"name":"(anonymous_6)","decl":{"start":{"line":25,"column":18},"end":{"line":25,"column":19}},"loc":{"start":{"line":25,"column":30},"end":{"line":39,"column":1}},"line":25}},"branchMap":{"0":{"loc":{"start":{"line":21,"column":2},"end":{"line":21,"column":24}},"type":"if","locations":[{"start":{"line":21,"column":2},"end":{"line":21,"column":24}},{"start":{},"end":{}}],"line":21},"1":{"loc":{"start":{"line":27,"column":2},"end":{"line":38,"column":3}},"type":"if","locations":[{"start":{"line":27,"column":2},"end":{"line":38,"column":3}},{"start":{"line":29,"column":9},"end":{"line":38,"column":3}}],"line":27},"2":{"loc":{"start":{"line":29,"column":9},"end":{"line":38,"column":3}},"type":"if","locations":[{"start":{"line":29,"column":9},"end":{"line":38,"column":3}},{"start":{"line":31,"column":8},"end":{"line":38,"column":3}}],"line":29},"3":{"loc":{"start":{"line":31,"column":8},"end":{"line":38,"column":3}},"type":"if","locations":[{"start":{"line":31,"column":8},"end":{"line":38,"column":3}},{"start":{"line":36,"column":7},"end":{"line":38,"column":3}}],"line":31}},"s":{"0":7,"1":1,"2":7,"3":1,"4":7,"5":1,"6":7,"7":1,"8":7,"9":1,"10":7,"11":6,"12":1,"13":5,"14":7,"15":4,"16":4,"17":1,"18":3,"19":1,"20":2,"21":1,"22":1,"23":1,"24":1,"25":1,"26":7},"f":{"0":1,"1":1,"2":1,"3":1,"4":1,"5":6,"6":4},"b":{"0":[1,5],"1":[1,3],"2":[1,2],"3":[1,1]},"_coverageSchema":"1a1c01bbd47fc00a2c39e90264f33305004495a9","hash":"f11e1a3a7d7d329949450a39522e6f38952aeb86"}
}
