TN:
SF:cloneArray.js
FN:1,cloneArray
FNF:1
FNH:1
FNDA:2,cloneArray
DA:2,2
DA:5,1
LF:2
LH:2
BRF:0
BRH:0
end_of_record
TN:
SF:utils.js
FN:1,(anonymous_0)
FN:4,(anonymous_1)
FN:8,(anonymous_2)
FN:12,(anonymous_3)
FN:16,(anonymous_4)
FN:20,(anonymous_5)
FN:25,(anonymous_6)
FNF:7
FNH:7
FNDA:1,(anonymous_0)
FNDA:1,(anonymous_1)
FNDA:1,(anonymous_2)
FNDA:1,(anonymous_3)
FNDA:1,(anonymous_4)
FNDA:6,(anonymous_5)
FNDA:1,(anonymous_6)
DA:1,7
DA:2,1
DA:4,7
DA:5,1
DA:8,7
DA:9,1
DA:12,7
DA:13,1
DA:16,7
DA:17,1
DA:20,7
DA:21,6
DA:22,5
DA:25,7
DA:26,1
DA:27,1
DA:28,6
DA:30,1
DA:33,7
LF:19
LH:19
BRDA:21,0,0,1
BRDA:21,0,1,5
BRF:2
BRH:2
end_of_record
